<?xml version="1.0" encoding="UTF-8"?>
<!-- Generated by org.testng.reporters.JUnitXMLReporter -->
<testsuite ignored="0" hostname="DESKTOP-0L5D1S3" failures="3" tests="12" name="Test" time="151.851" errors="0" timestamp="2025-02-08T21:11:01 IST">
  <testcase classname="com.actitime.scripts.VerifyVersionE" name="verifyVersionE" time="0.626">
    <failure type="java.lang.AssertionError" message="expected [] but found [actiTIME 2016.3]">
      <![CDATA[java.lang.AssertionError: expected [] but found [actiTIME 2016.3]
at com.actitime.pom.Version.verifyVersion(Version.java:25)
at com.actitime.scripts.VerifyVersionE.verifyVersionE(VerifyVersionE.java:21)
at java.base/java.util.ArrayList.forEach(ArrayList.java:1511)
... Removed 31 stack frames]]>
    </failure>
  </testcase> <!-- verifyVersionE -->
  <testcase classname="com.actitime.scripts.VerifyReportsDownload" name="verifyReportsDownload" time="14.841"/>
  <testcase classname="com.actitime.scripts.VerifyVersion" name="verifyVersion" time="0.045"/>
  <testcase classname="com.actitime.scripts.VerifyHomePage" name="verifyHomePage" time="4.713"/>
  <testcase classname="com.actitime.scripts.VerifyValidLoginPage" name="verifyValidLoginPage" time="2.295"/>
  <testcase classname="com.actitime.scripts.VerifyInvalidLoginPage" name="verifyInvalidLoginPage" time="5.174"/>
  <testcase classname="com.actitime.scripts.VerifyCheckBox" name="verifyCheckBox" time="0.184"/>
  <testcase classname="com.actitime.scripts.VerifyValidLoginPageLoginPageandHomePageTitle" name="verifyValidLoginPageandTitle" time="0.02">
    <failure type="java.lang.AssertionError" message="expected [] but found [actiTIME - Login]">
      <![CDATA[java.lang.AssertionError: expected [] but found [actiTIME - Login]
at com.actitime.pom.BasePage.verifyTitle(BasePage.java:21)
at com.actitime.scripts.VerifyValidLoginPageLoginPageandHomePageTitle.verifyValidLoginPageandTitle(VerifyValidLoginPageLoginPageandHomePageTitle.java:25)
at java.base/java.util.ArrayList.forEach(ArrayList.java:1511)
... Removed 31 stack frames]]>
    </failure>
  </testcase> <!-- verifyValidLoginPageandTitle -->
  <testcase classname="com.actitime.scripts.VerifyLoginPageandHomePageTitle" name="verifyLoginPageandHomePageTitle" time="4.912">
    <failure type="org.openqa.selenium.ElementClickInterceptedException" message="element click intercepted: Element &amp;lt;a href=&amp;quot;/logout.do&amp;quot; id=&amp;quot;logoutLink&amp;quot; class=&amp;quot;logout&amp;quot;&amp;gt;...&amp;lt;/a&amp;gt; is not clickable at point (1309, 17). Other element would receive the click: &amp;lt;div id=&amp;quot;preInsertedTransformedMoireId&amp;quot; class=&amp;quot;transformedMoireClass&amp;quot; style=&amp;quot;transition: opacity 600ms ease-in-out; opacity: 0;&amp;quot;&amp;gt;&amp;lt;/div&amp;gt;
  (Session info: chrome=132.0.6834.160)
Build info: version: &amp;apos;4.28.0&amp;apos;, revision: &amp;apos;ac342546e9&amp;apos;
System info: os.name: &amp;apos;Windows 11&amp;apos;, os.arch: &amp;apos;amd64&amp;apos;, os.version: &amp;apos;10.0&amp;apos;, java.version: &amp;apos;19.0.2&amp;apos;
Driver info: org.openqa.selenium.chrome.ChromeDriver
Command: [f4e80ddeb9609a00c577a788b10348e2, clickElement {id=f.A06E6F67E5FADBD3554999B0467AA53A.d.7EE86D342F58D81AD6B20220F4583B6A.e.65}]
Capabilities {acceptInsecureCerts: false, browserName: chrome, browserVersion: 132.0.6834.160, chrome: {chromedriverVersion: 132.0.6834.159 (2d77d3fc445..., userDataDir: C:\Users\Bevin\AppData\Loca...}, fedcm:accounts: true, goog:chromeOptions: {debuggerAddress: localhost:51399}, networkConnectionEnabled: false, pageLoadStrategy: normal, platformName: windows, proxy: Proxy(), se:cdp: ws://localhost:51399/devtoo..., se:cdpVersion: 132.0.6834.160, setWindowRect: true, strictFileInteractability: false, timeouts: {implicit: 0, pageLoad: 300000, script: 30000}, unhandledPromptBehavior: dismiss and notify, webauthn:extension:credBlob: true, webauthn:extension:largeBlob: true, webauthn:extension:minPinLength: true, webauthn:extension:prf: true, webauthn:virtualAuthenticators: true}
Element: [[ChromeDriver: chrome on windows (f4e80ddeb9609a00c577a788b10348e2)] -&amp;gt; id: logoutLink]
Session ID: f4e80ddeb9609a00c577a788b10348e2">
      <![CDATA[org.openqa.selenium.ElementClickInterceptedException: element click intercepted: Element <a href="/logout.do" id="logoutLink" class="logout">...</a> is not clickable at point (1309, 17). Other element would receive the click: <div id="preInsertedTransformedMoireId" class="transformedMoireClass" style="transition: opacity 600ms ease-in-out; opacity: 0;"></div>
  (Session info: chrome=132.0.6834.160)
Build info: version: '4.28.0', revision: 'ac342546e9'
System info: os.name: 'Windows 11', os.arch: 'amd64', os.version: '10.0', java.version: '19.0.2'
Driver info: org.openqa.selenium.chrome.ChromeDriver
Command: [f4e80ddeb9609a00c577a788b10348e2, clickElement {id=f.A06E6F67E5FADBD3554999B0467AA53A.d.7EE86D342F58D81AD6B20220F4583B6A.e.65}]
Capabilities {acceptInsecureCerts: false, browserName: chrome, browserVersion: 132.0.6834.160, chrome: {chromedriverVersion: 132.0.6834.159 (2d77d3fc445..., userDataDir: C:\Users\Bevin\AppData\Loca...}, fedcm:accounts: true, goog:chromeOptions: {debuggerAddress: localhost:51399}, networkConnectionEnabled: false, pageLoadStrategy: normal, platformName: windows, proxy: Proxy(), se:cdp: ws://localhost:51399/devtoo..., se:cdpVersion: 132.0.6834.160, setWindowRect: true, strictFileInteractability: false, timeouts: {implicit: 0, pageLoad: 300000, script: 30000}, unhandledPromptBehavior: dismiss and notify, webauthn:extension:credBlob: true, webauthn:extension:largeBlob: true, webauthn:extension:minPinLength: true, webauthn:extension:prf: true, webauthn:virtualAuthenticators: true}
Element: [[ChromeDriver: chrome on windows (f4e80ddeb9609a00c577a788b10348e2)] -> id: logoutLink]
Session ID: f4e80ddeb9609a00c577a788b10348e2
at org.openqa.selenium.remote.ErrorCodec.decode(ErrorCodec.java:167)
at org.openqa.selenium.remote.codec.w3c.W3CHttpResponseCodec.decode(W3CHttpResponseCodec.java:138)
at org.openqa.selenium.remote.codec.w3c.W3CHttpResponseCodec.decode(W3CHttpResponseCodec.java:50)
at org.openqa.selenium.remote.HttpCommandExecutor.execute(HttpCommandExecutor.java:215)
at org.openqa.selenium.remote.service.DriverCommandExecutor.invokeExecute(DriverCommandExecutor.java:216)
at org.openqa.selenium.remote.service.DriverCommandExecutor.execute(DriverCommandExecutor.java:174)
at org.openqa.selenium.remote.RemoteWebDriver.execute(RemoteWebDriver.java:545)
at org.openqa.selenium.remote.RemoteWebElement.execute(RemoteWebElement.java:223)
at org.openqa.selenium.remote.RemoteWebElement.click(RemoteWebElement.java:76)
at org.openqa.selenium.support.pagefactory.internal.LocatingElementHandler.invoke(LocatingElementHandler.java:51)
at jdk.proxy2/jdk.proxy2.$Proxy14.click(Unknown Source)
at com.actitime.pom.Logout.clickOnLogoutButton(Logout.java:25)
at com.actitime.scripts.VerifyLoginPageandHomePageTitle.verifyLoginPageandHomePageTitle(VerifyLoginPageandHomePageTitle.java:24)
at java.base/java.util.ArrayList.forEach(ArrayList.java:1511)
... Removed 30 stack frames]]>
    </failure>
  </testcase> <!-- verifyLoginPageandHomePageTitle -->
  <testcase classname="com.actitime.scripts.VerifyUsersCreation" name="verifycreateUser" time="17.346"/>
  <testcase classname="com.actitime.scripts.VerifyTasks" name="verifyTask" time="8.421"/>
  <testcase classname="com.actitime.scripts.VerifyInvalidLoginPageE" name="verifyInvalidLoginPageE" time="0.043"/>
</testsuite> <!-- Test -->
